2025-09-12 19:01:23,741 - INFO - Default safety rules created
2025-09-12 19:01:24,077 - INFO - Starting InLinea Banking Automation Tool v6.0
2025-09-12 19:01:24,082 - INFO - Application started successfully
2025-09-12 19:01:24,235 - INFO - Node.js found: v20.19.5
2025-09-12 19:01:26,126 - INFO - Found 0 devices
2025-09-12 19:01:28,140 - INFO - Database schema initialized successfully
2025-09-12 19:01:30,392 - INFO - Server status: Stopped
2025-09-12 19:01:31,444 - INFO - Appium found with command 'appium.cmd': 3.0.1
2025-09-12 19:02:25,880 - INFO - Starting Appium server on port 4723
2025-09-12 19:02:25,880 - INFO - Trying to start server with command: appium
2025-09-12 19:02:25,891 - INFO - Trying to start server with command: appium.cmd
2025-09-12 19:02:27,913 - INFO - Successfully started Appium with command: appium.cmd
2025-09-12 19:02:32,506 - INFO - Appium server started successfully
2025-09-12 19:02:32,512 - INFO - Appium server started
2025-09-12 19:02:40,133 - INFO - Found 1 devices
2025-09-12 19:02:43,272 - INFO - Connecting to device...
2025-09-12 19:03:03,955 - INFO - Found 1 devices
2025-09-12 19:03:05,065 - INFO - Selected device: ZA222TQTZT
2025-09-12 19:03:21,084 - INFO - Found 1 devices
2025-09-12 19:04:32,112 - INFO - Application shutdown...
2025-09-12 19:04:32,115 - INFO - Appium server stopped
2025-09-12 19:04:32,915 - INFO - Terminated Appium process: 4452
2025-09-12 19:04:32,916 - INFO - Terminated Appium process: 10972
2025-09-12 19:04:32,917 - INFO - Server stopped
2025-09-12 19:04:42,681 - INFO - Safety rules loaded from configuration
2025-09-12 19:04:42,864 - INFO - Starting InLinea Banking Automation Tool v6.0
2025-09-12 19:04:42,871 - INFO - Application started successfully
2025-09-12 19:04:43,014 - INFO - Node.js found: v20.19.5
2025-09-12 19:04:44,904 - INFO - Found 1 devices
2025-09-12 19:04:46,872 - INFO - Database schema initialized successfully
2025-09-12 19:04:47,850 - INFO - Appium found with command 'appium.cmd': 3.0.1
2025-09-12 19:04:49,070 - INFO - Server status: Stopped
2025-09-12 19:05:04,807 - INFO - Starting Appium server on port 4723
2025-09-12 19:05:04,808 - INFO - Trying to start server with command: appium
2025-09-12 19:05:04,824 - INFO - Trying to start server with command: appium.cmd
2025-09-12 19:05:06,845 - INFO - Successfully started Appium with command: appium.cmd
2025-09-12 19:05:10,938 - INFO - Appium server started successfully
2025-09-12 19:05:10,942 - INFO - Appium server started
2025-09-12 19:05:23,457 - INFO - Selected device: ZA222TQTZT
2025-09-12 19:05:23,640 - INFO - Selected device: ZA222TQTZT
2025-09-12 19:05:25,095 - INFO - Connecting to device...
2025-09-12 19:08:41,935 - INFO - Logs cleared
2025-09-12 19:08:45,625 - INFO - Appium server stopped
2025-09-12 19:08:46,361 - INFO - Terminated Appium process: 15760
2025-09-12 19:08:46,362 - INFO - Terminated Appium process: 21704
2025-09-12 19:08:46,363 - INFO - Server stopped
2025-09-12 19:08:46,364 - INFO - Connection failed: ('Connection aborted.', ConnectionResetError(10054, 'An existing connection was forcibly closed by the remote host', None, 10054, None))
2025-09-12 19:08:57,160 - INFO - Starting Appium server on port 4723
2025-09-12 19:08:57,162 - INFO - Trying to start server with command: appium
2025-09-12 19:08:57,185 - INFO - Trying to start server with command: appium.cmd
2025-09-12 19:08:59,195 - INFO - Successfully started Appium with command: appium.cmd
2025-09-12 19:09:03,774 - INFO - Appium server started successfully
2025-09-12 19:09:03,777 - INFO - Appium server started
2025-09-12 19:14:21,563 - INFO - Connecting to device...
2025-09-12 19:17:09,750 - INFO - Found 1 devices
2025-09-12 19:17:13,032 - INFO - Selected device: ZA222TQTZT
2025-09-12 19:17:58,321 - INFO - Database schema initialized successfully
2025-09-12 19:18:05,393 - INFO - Generated report: system_report_20250912_191802.html
2025-09-12 19:18:46,768 - INFO - Generated report: system_report_20250912_191807.html
2025-09-12 19:18:54,472 - INFO - Generated report: system_report_20250912_191853.html
2025-09-12 19:27:23,104 - INFO - Found 1 devices
2025-09-12 19:27:28,564 - INFO - Node.js found: v20.19.5
2025-09-12 19:27:29,216 - INFO - Installing Appium globally...
2025-09-12 19:27:29,225 - INFO - Appium installation failed: Installation error: [WinError 2] The system cannot find the file specified
2025-09-12 19:27:34,625 - INFO - Appium server stopped
2025-09-12 19:27:34,825 - INFO - Appium found with command 'appium.cmd': 3.0.1
2025-09-12 19:27:35,524 - INFO - Terminated Appium process: 8388
2025-09-12 19:27:35,525 - INFO - Server stopped
2025-09-12 19:27:35,538 - INFO - Connection failed: ('Connection aborted.', ConnectionResetError(10054, 'An existing connection was forcibly closed by the remote host', None, 10054, None))
2025-09-12 19:28:05,191 - INFO - Logs cleared
2025-09-12 19:28:07,526 - INFO - Application shutdown...
2025-09-12 19:28:08,310 - INFO - Server stopped
